c:\users\dydwo\desktop\20170110_0\debug\windowapi.pch
c:\users\dydwo\desktop\20170110_0\debug\vc140.pdb
c:\users\dydwo\desktop\20170110_0\debug\vc140.idb
c:\users\dydwo\desktop\20170110_0\debug\stdafx.obj
c:\users\dydwo\desktop\20170110_0\debug\mainmenuscene.obj
c:\users\dydwo\desktop\20170110_0\debug\minion.obj
c:\users\dydwo\desktop\20170110_0\debug\npc.obj
c:\users\dydwo\desktop\20170110_0\debug\owdungeon.obj
c:\users\dydwo\desktop\20170110_0\debug\owplayer.obj
c:\users\dydwo\desktop\20170110_0\debug\pixelcollision.obj
c:\users\dydwo\desktop\20170110_0\debug\player.obj
c:\users\dydwo\desktop\20170110_0\debug\playerdata.obj
c:\users\dydwo\desktop\20170110_0\debug\progressbar.obj
c:\users\dydwo\desktop\20170110_0\debug\scenemanager.obj
c:\users\dydwo\desktop\20170110_0\debug\scenetest.obj
c:\users\dydwo\desktop\20170110_0\debug\soundmanager.obj
c:\users\dydwo\desktop\20170110_0\debug\soundtestscene.obj
c:\users\dydwo\desktop\20170110_0\debug\tempest.obj
c:\users\dydwo\desktop\20170110_0\debug\timemanager.obj
c:\users\dydwo\desktop\20170110_0\debug\txtdata.obj
c:\users\dydwo\desktop\20170110_0\debug\util.obj
c:\users\dydwo\desktop\20170110_0\debug\villagemap.obj
c:\users\dydwo\desktop\20170110_0\debug\villagescene.obj
c:\users\dydwo\desktop\20170110_0\debug\winmain.obj
c:\users\dydwo\desktop\20170110_0\debug\bsflytrapper.obj
c:\users\dydwo\desktop\20170110_0\debug\bsplayer.obj
c:\users\dydwo\desktop\20170110_0\debug\bsplayermanager.obj
c:\users\dydwo\desktop\20170110_0\debug\bsslime.obj
c:\users\dydwo\desktop\20170110_0\debug\bullet.obj
c:\users\dydwo\desktop\20170110_0\debug\chat.obj
c:\users\dydwo\desktop\20170110_0\debug\effectmanager.obj
c:\users\dydwo\desktop\20170110_0\debug\enemy.obj
c:\users\dydwo\desktop\20170110_0\debug\enemymanager.obj
c:\users\dydwo\desktop\20170110_0\debug\gamenode.obj
c:\users\dydwo\desktop\20170110_0\debug\image.obj
c:\users\dydwo\desktop\20170110_0\debug\imagemanager.obj
c:\users\dydwo\desktop\20170110_0\debug\inidata.obj
c:\users\dydwo\desktop\20170110_0\debug\initestscene.obj
c:\users\dydwo\desktop\20170110_0\debug\introscene.obj
c:\users\dydwo\desktop\20170110_0\debug\keymanager.obj
c:\users\dydwo\desktop\20170110_0\debug\loading.obj
c:\users\dydwo\desktop\20170110_0\debug\loadingscene.obj
c:\users\dydwo\desktop\20170110_0\debug\lunar.obj
c:\users\dydwo\desktop\20170110_0\debug\maingame.obj
c:\users\dydwo\desktop\20170110_0\debug\alexnoah.obj
c:\users\dydwo\desktop\20170110_0\debug\battlescene.obj
c:\users\dydwo\desktop\20170110_0\debug\bsbarbarian.obj
c:\users\dydwo\desktop\20170110_0\debug\bsdevilbomber.obj
c:\users\dydwo\desktop\20170110_0\debug\bsenemy.obj
c:\users\dydwo\desktop\20170110_0\debug\bsenemymanager.obj
c:\users\dydwo\desktop\20170110_0\debug\bsfluffybug.obj
c:\users\sga\documents\github\mr.hwangteamproject\debug\windowapi.pch
c:\users\sga\documents\github\mr.hwangteamproject\debug\vc140.pdb
c:\users\sga\documents\github\mr.hwangteamproject\debug\vc140.idb
c:\users\sga\documents\github\mr.hwangteamproject\debug\stdafx.obj
c:\users\sga\documents\github\mr.hwangteamproject\debug\minion.obj
c:\users\sga\documents\github\mr.hwangteamproject\debug\npc.obj
c:\users\sga\documents\github\mr.hwangteamproject\debug\owdungeon.obj
c:\users\sga\documents\github\mr.hwangteamproject\debug\owplayer.obj
c:\users\sga\documents\github\mr.hwangteamproject\debug\pixelcollision.obj
c:\users\sga\documents\github\mr.hwangteamproject\debug\player.obj
c:\users\sga\documents\github\mr.hwangteamproject\debug\playerdata.obj
c:\users\sga\documents\github\mr.hwangteamproject\debug\progressbar.obj
c:\users\sga\documents\github\mr.hwangteamproject\debug\scenemanager.obj
c:\users\sga\documents\github\mr.hwangteamproject\debug\scenetest.obj
c:\users\sga\documents\github\mr.hwangteamproject\debug\shop.obj
c:\users\sga\documents\github\mr.hwangteamproject\debug\soundmanager.obj
c:\users\sga\documents\github\mr.hwangteamproject\debug\soundtestscene.obj
c:\users\sga\documents\github\mr.hwangteamproject\debug\tempest.obj
c:\users\sga\documents\github\mr.hwangteamproject\debug\timemanager.obj
c:\users\sga\documents\github\mr.hwangteamproject\debug\txtdata.obj
c:\users\sga\documents\github\mr.hwangteamproject\debug\util.obj
c:\users\sga\documents\github\mr.hwangteamproject\debug\villagemap.obj
c:\users\sga\documents\github\mr.hwangteamproject\debug\winmain.obj
c:\users\sga\documents\github\mr.hwangteamproject\debug\bsslime.obj
c:\users\sga\documents\github\mr.hwangteamproject\debug\bullet.obj
c:\users\sga\documents\github\mr.hwangteamproject\debug\chat.obj
c:\users\sga\documents\github\mr.hwangteamproject\debug\effectmanager.obj
c:\users\sga\documents\github\mr.hwangteamproject\debug\enemy.obj
c:\users\sga\documents\github\mr.hwangteamproject\debug\enemymanager.obj
c:\users\sga\documents\github\mr.hwangteamproject\debug\gamenode.obj
c:\users\sga\documents\github\mr.hwangteamproject\debug\image.obj
c:\users\sga\documents\github\mr.hwangteamproject\debug\imagemanager.obj
c:\users\sga\documents\github\mr.hwangteamproject\debug\inidata.obj
c:\users\sga\documents\github\mr.hwangteamproject\debug\initestscene.obj
c:\users\sga\documents\github\mr.hwangteamproject\debug\introscene.obj
c:\users\sga\documents\github\mr.hwangteamproject\debug\inventory.obj
c:\users\sga\documents\github\mr.hwangteamproject\debug\item.obj
c:\users\sga\documents\github\mr.hwangteamproject\debug\keymanager.obj
c:\users\sga\documents\github\mr.hwangteamproject\debug\loading.obj
c:\users\sga\documents\github\mr.hwangteamproject\debug\loadingscene.obj
c:\users\sga\documents\github\mr.hwangteamproject\debug\lunar.obj
c:\users\sga\documents\github\mr.hwangteamproject\debug\maingame.obj
c:\users\sga\documents\github\mr.hwangteamproject\debug\mainmenuscene.obj
c:\users\sga\documents\github\mr.hwangteamproject\debug\alexnoah.obj
c:\users\sga\documents\github\mr.hwangteamproject\debug\battlescene.obj
c:\users\sga\documents\github\mr.hwangteamproject\debug\bsbarbarian.obj
c:\users\sga\documents\github\mr.hwangteamproject\debug\bsdevilbomber.obj
c:\users\sga\documents\github\mr.hwangteamproject\debug\bsenemy.obj
c:\users\sga\documents\github\mr.hwangteamproject\debug\bsenemymanager.obj
c:\users\sga\documents\github\mr.hwangteamproject\debug\bsfluffybug.obj
c:\users\sga\documents\github\mr.hwangteamproject\debug\bsflytrapper.obj
c:\users\sga\documents\github\mr.hwangteamproject\debug\bsplayer.obj
c:\users\sga\documents\github\mr.hwangteamproject\debug\bsplayermanager.obj
c:\users\sga\documents\github\mr.hwangteamproject\debug\villagescene.obj
c:\users\dydwo\desktop\20170110_0\debug\windowapi.ilk
c:\users\dydwo\desktop\20170110_0\debug\windowapi.exe
c:\users\dydwo\desktop\20170110_0\debug\windowapi.pdb
c:\users\sga\documents\github\mr.hwangteamproject\debug\battlescene.obj.enc
c:\users\sga\documents\github\mr.hwangteamproject\debug\windowapi.pdb
c:\users\sga\documents\github\mr.hwangteamproject\debug\windowapi.tlog\cl.command.1.tlog
c:\users\sga\documents\github\mr.hwangteamproject\debug\windowapi.tlog\cl.read.1.tlog
c:\users\sga\documents\github\mr.hwangteamproject\debug\windowapi.tlog\cl.write.1.tlog
c:\users\sga\documents\github\mr.hwangteamproject\debug\windowapi.tlog\link-cvtres.read.1.tlog
c:\users\sga\documents\github\mr.hwangteamproject\debug\windowapi.tlog\link-cvtres.write.1.tlog
c:\users\sga\documents\github\mr.hwangteamproject\debug\windowapi.tlog\link-rc.read.1.tlog
c:\users\sga\documents\github\mr.hwangteamproject\debug\windowapi.tlog\link-rc.write.1.tlog
c:\users\sga\documents\github\mr.hwangteamproject\debug\windowapi.tlog\link.command.1.tlog
c:\users\sga\documents\github\mr.hwangteamproject\debug\windowapi.tlog\link.read.1.tlog
c:\users\sga\documents\github\mr.hwangteamproject\debug\windowapi.tlog\link.write.1.tlog
