  battleScene.cpp
c:\users\dydwo\desktop\20170110_0\battlescene.cpp(88): warning C4018: '<': signed 또는 unsigned가 일치하지 않습니다.
c:\users\dydwo\desktop\20170110_0\battlescene.cpp(103): warning C4018: '<': signed 또는 unsigned가 일치하지 않습니다.
c:\users\dydwo\desktop\20170110_0\battlescene.cpp(142): warning C4018: '<': signed 또는 unsigned가 일치하지 않습니다.
c:\users\dydwo\desktop\20170110_0\battlescene.cpp(159): warning C4018: '<': signed 또는 unsigned가 일치하지 않습니다.
c:\users\dydwo\desktop\20170110_0\battlescene.cpp(233): warning C4018: '<': signed 또는 unsigned가 일치하지 않습니다.
c:\users\dydwo\desktop\20170110_0\battlescene.cpp(286): warning C4018: '<': signed 또는 unsigned가 일치하지 않습니다.
c:\users\dydwo\desktop\20170110_0\battlescene.cpp(308): warning C4018: '<': signed 또는 unsigned가 일치하지 않습니다.
c:\users\dydwo\desktop\20170110_0\battlescene.cpp(358): warning C4018: '<': signed 또는 unsigned가 일치하지 않습니다.
c:\users\dydwo\desktop\20170110_0\battlescene.cpp(363): warning C4244: '인수': 'LONG'에서 'float'(으)로 변환하면서 데이터가 손실될 수 있습니다.
c:\users\dydwo\desktop\20170110_0\battlescene.cpp(379): warning C4018: '<': signed 또는 unsigned가 일치하지 않습니다.
c:\users\dydwo\desktop\20170110_0\battlescene.cpp(404): warning C4018: '<': signed 또는 unsigned가 일치하지 않습니다.
c:\users\dydwo\desktop\20170110_0\battlescene.cpp(422): warning C4018: '<': signed 또는 unsigned가 일치하지 않습니다.
c:\users\dydwo\desktop\20170110_0\battlescene.cpp(461): warning C4018: '<': signed 또는 unsigned가 일치하지 않습니다.
c:\users\dydwo\desktop\20170110_0\battlescene.cpp(526): warning C4018: '<': signed 또는 unsigned가 일치하지 않습니다.
c:\users\dydwo\desktop\20170110_0\battlescene.cpp(630): warning C4018: '>=': signed 또는 unsigned가 일치하지 않습니다.
c:\users\dydwo\desktop\20170110_0\battlescene.cpp(678): warning C4018: '<': signed 또는 unsigned가 일치하지 않습니다.
c:\users\dydwo\desktop\20170110_0\battlescene.cpp(686): warning C4018: '>=': signed 또는 unsigned가 일치하지 않습니다.
  Tempest.cpp
c:\users\dydwo\desktop\20170110_0\tempest.cpp(9): warning C4244: '=': 'int'에서 'float'(으)로 변환하면서 데이터가 손실될 수 있습니다.
c:\users\dydwo\desktop\20170110_0\tempest.cpp(10): warning C4244: '=': 'int'에서 'float'(으)로 변환하면서 데이터가 손실될 수 있습니다.
c:\users\dydwo\desktop\20170110_0\tempest.cpp(12): warning C4244: '=': 'int'에서 'float'(으)로 변환하면서 데이터가 손실될 수 있습니다.
c:\users\dydwo\desktop\20170110_0\tempest.cpp(13): warning C4244: '=': 'int'에서 'float'(으)로 변환하면서 데이터가 손실될 수 있습니다.
c:\users\dydwo\desktop\20170110_0\tempest.cpp(14): warning C4244: '=': 'int'에서 'float'(으)로 변환하면서 데이터가 손실될 수 있습니다.
c:\users\dydwo\desktop\20170110_0\tempest.cpp(15): warning C4244: '=': 'int'에서 'float'(으)로 변환하면서 데이터가 손실될 수 있습니다.
c:\users\dydwo\desktop\20170110_0\tempest.cpp(248): warning C4244: '인수': 'float'에서 'int'(으)로 변환하면서 데이터가 손실될 수 있습니다.
c:\users\dydwo\desktop\20170110_0\tempest.cpp(253): warning C4244: '인수': 'float'에서 'int'(으)로 변환하면서 데이터가 손실될 수 있습니다.
c:\users\dydwo\desktop\20170110_0\tempest.cpp(353): warning C4244: '초기화 중': 'float'에서 'int'(으)로 변환하면서 데이터가 손실될 수 있습니다.
c:\users\dydwo\desktop\20170110_0\tempest.cpp(359): warning C4244: '초기화 중': 'float'에서 'int'(으)로 변환하면서 데이터가 손실될 수 있습니다.
c:\users\dydwo\desktop\20170110_0\tempest.cpp(365): warning C4244: '인수': 'float'에서 'int'(으)로 변환하면서 데이터가 손실될 수 있습니다.
c:\users\dydwo\desktop\20170110_0\tempest.cpp(366): warning C4244: '인수': 'float'에서 'int'(으)로 변환하면서 데이터가 손실될 수 있습니다.
c:\users\dydwo\desktop\20170110_0\tempest.cpp(367): warning C4244: '인수': 'int'에서 'float'(으)로 변환하면서 데이터가 손실될 수 있습니다.
c:\users\dydwo\desktop\20170110_0\tempest.cpp(372): warning C4244: '인수': 'float'에서 'int'(으)로 변환하면서 데이터가 손실될 수 있습니다.
c:\users\dydwo\desktop\20170110_0\tempest.cpp(373): warning C4244: '인수': 'float'에서 'int'(으)로 변환하면서 데이터가 손실될 수 있습니다.
c:\users\dydwo\desktop\20170110_0\tempest.cpp(380): warning C4244: '인수': 'float'에서 'int'(으)로 변환하면서 데이터가 손실될 수 있습니다.
c:\users\dydwo\desktop\20170110_0\tempest.cpp(382): warning C4244: '인수': 'float'에서 'int'(으)로 변환하면서 데이터가 손실될 수 있습니다.
c:\users\dydwo\desktop\20170110_0\tempest.cpp(383): warning C4244: '인수': 'float'에서 'int'(으)로 변환하면서 데이터가 손실될 수 있습니다.
c:\users\dydwo\desktop\20170110_0\tempest.cpp(384): warning C4244: '인수': 'float'에서 'int'(으)로 변환하면서 데이터가 손실될 수 있습니다.
  Lunar.cpp
c:\users\dydwo\desktop\20170110_0\lunar.cpp(9): warning C4244: '=': 'int'에서 'float'(으)로 변환하면서 데이터가 손실될 수 있습니다.
c:\users\dydwo\desktop\20170110_0\lunar.cpp(10): warning C4244: '=': 'int'에서 'float'(으)로 변환하면서 데이터가 손실될 수 있습니다.
c:\users\dydwo\desktop\20170110_0\lunar.cpp(12): warning C4244: '=': 'int'에서 'float'(으)로 변환하면서 데이터가 손실될 수 있습니다.
c:\users\dydwo\desktop\20170110_0\lunar.cpp(13): warning C4244: '=': 'int'에서 'float'(으)로 변환하면서 데이터가 손실될 수 있습니다.
c:\users\dydwo\desktop\20170110_0\lunar.cpp(14): warning C4244: '=': 'int'에서 'float'(으)로 변환하면서 데이터가 손실될 수 있습니다.
c:\users\dydwo\desktop\20170110_0\lunar.cpp(15): warning C4244: '=': 'int'에서 'float'(으)로 변환하면서 데이터가 손실될 수 있습니다.
c:\users\dydwo\desktop\20170110_0\lunar.cpp(233): warning C4244: '인수': 'float'에서 'int'(으)로 변환하면서 데이터가 손실될 수 있습니다.
c:\users\dydwo\desktop\20170110_0\lunar.cpp(238): warning C4244: '인수': 'float'에서 'int'(으)로 변환하면서 데이터가 손실될 수 있습니다.
c:\users\dydwo\desktop\20170110_0\lunar.cpp(321): warning C4244: '초기화 중': 'float'에서 'int'(으)로 변환하면서 데이터가 손실될 수 있습니다.
c:\users\dydwo\desktop\20170110_0\lunar.cpp(327): warning C4244: '초기화 중': 'float'에서 'int'(으)로 변환하면서 데이터가 손실될 수 있습니다.
c:\users\dydwo\desktop\20170110_0\lunar.cpp(331): warning C4244: '인수': 'float'에서 'int'(으)로 변환하면서 데이터가 손실될 수 있습니다.
c:\users\dydwo\desktop\20170110_0\lunar.cpp(332): warning C4244: '인수': 'float'에서 'int'(으)로 변환하면서 데이터가 손실될 수 있습니다.
c:\users\dydwo\desktop\20170110_0\lunar.cpp(333): warning C4244: '인수': 'int'에서 'float'(으)로 변환하면서 데이터가 손실될 수 있습니다.
c:\users\dydwo\desktop\20170110_0\lunar.cpp(338): warning C4244: '인수': 'float'에서 'int'(으)로 변환하면서 데이터가 손실될 수 있습니다.
c:\users\dydwo\desktop\20170110_0\lunar.cpp(339): warning C4244: '인수': 'float'에서 'int'(으)로 변환하면서 데이터가 손실될 수 있습니다.
c:\users\dydwo\desktop\20170110_0\lunar.cpp(346): warning C4244: '인수': 'float'에서 'int'(으)로 변환하면서 데이터가 손실될 수 있습니다.
c:\users\dydwo\desktop\20170110_0\lunar.cpp(348): warning C4244: '인수': 'float'에서 'int'(으)로 변환하면서 데이터가 손실될 수 있습니다.
c:\users\dydwo\desktop\20170110_0\lunar.cpp(349): warning C4244: '인수': 'float'에서 'int'(으)로 변환하면서 데이터가 손실될 수 있습니다.
c:\users\dydwo\desktop\20170110_0\lunar.cpp(350): warning C4244: '인수': 'float'에서 'int'(으)로 변환하면서 데이터가 손실될 수 있습니다.
  AlexNoah.cpp
c:\users\dydwo\desktop\20170110_0\alexnoah.cpp(9): warning C4244: '=': 'int'에서 'float'(으)로 변환하면서 데이터가 손실될 수 있습니다.
c:\users\dydwo\desktop\20170110_0\alexnoah.cpp(10): warning C4244: '=': 'int'에서 'float'(으)로 변환하면서 데이터가 손실될 수 있습니다.
c:\users\dydwo\desktop\20170110_0\alexnoah.cpp(12): warning C4244: '=': 'int'에서 'float'(으)로 변환하면서 데이터가 손실될 수 있습니다.
c:\users\dydwo\desktop\20170110_0\alexnoah.cpp(13): warning C4244: '=': 'int'에서 'float'(으)로 변환하면서 데이터가 손실될 수 있습니다.
c:\users\dydwo\desktop\20170110_0\alexnoah.cpp(14): warning C4244: '=': 'int'에서 'float'(으)로 변환하면서 데이터가 손실될 수 있습니다.
c:\users\dydwo\desktop\20170110_0\alexnoah.cpp(15): warning C4244: '=': 'int'에서 'float'(으)로 변환하면서 데이터가 손실될 수 있습니다.
c:\users\dydwo\desktop\20170110_0\alexnoah.cpp(234): warning C4244: '인수': 'float'에서 'int'(으)로 변환하면서 데이터가 손실될 수 있습니다.
c:\users\dydwo\desktop\20170110_0\alexnoah.cpp(239): warning C4244: '인수': 'float'에서 'int'(으)로 변환하면서 데이터가 손실될 수 있습니다.
c:\users\dydwo\desktop\20170110_0\alexnoah.cpp(335): warning C4244: '초기화 중': 'float'에서 'int'(으)로 변환하면서 데이터가 손실될 수 있습니다.
c:\users\dydwo\desktop\20170110_0\alexnoah.cpp(341): warning C4244: '초기화 중': 'float'에서 'int'(으)로 변환하면서 데이터가 손실될 수 있습니다.
c:\users\dydwo\desktop\20170110_0\alexnoah.cpp(345): warning C4244: '인수': 'float'에서 'int'(으)로 변환하면서 데이터가 손실될 수 있습니다.
c:\users\dydwo\desktop\20170110_0\alexnoah.cpp(346): warning C4244: '인수': 'float'에서 'int'(으)로 변환하면서 데이터가 손실될 수 있습니다.
c:\users\dydwo\desktop\20170110_0\alexnoah.cpp(347): warning C4244: '인수': 'int'에서 'float'(으)로 변환하면서 데이터가 손실될 수 있습니다.
c:\users\dydwo\desktop\20170110_0\alexnoah.cpp(352): warning C4244: '인수': 'float'에서 'int'(으)로 변환하면서 데이터가 손실될 수 있습니다.
c:\users\dydwo\desktop\20170110_0\alexnoah.cpp(353): warning C4244: '인수': 'float'에서 'int'(으)로 변환하면서 데이터가 손실될 수 있습니다.
c:\users\dydwo\desktop\20170110_0\alexnoah.cpp(360): warning C4244: '인수': 'float'에서 'int'(으)로 변환하면서 데이터가 손실될 수 있습니다.
c:\users\dydwo\desktop\20170110_0\alexnoah.cpp(362): warning C4244: '인수': 'float'에서 'int'(으)로 변환하면서 데이터가 손실될 수 있습니다.
c:\users\dydwo\desktop\20170110_0\alexnoah.cpp(363): warning C4244: '인수': 'float'에서 'int'(으)로 변환하면서 데이터가 손실될 수 있습니다.
c:\users\dydwo\desktop\20170110_0\alexnoah.cpp(364): warning C4244: '인수': 'float'에서 'int'(으)로 변환하면서 데이터가 손실될 수 있습니다.
  코드를 생성하고 있습니다...
  WindowAPI.vcxproj -> C:\Users\dydwo\Desktop\20170110_0\Debug\WindowAPI.exe
